<?xml version="1.0" encoding="UTF-8"?>
<!-- Generated by org.testng.reporters.JUnitReportReporter -->
<testsuite hostname="DESKTOP-DFHCGIA" failures="0" tests="1" name="com.LoginTest.Test1" time="54.193" errors="0" timestamp="2023-08-27T00:06:27 IST" skipped="0">
  <testcase classname="com.LoginTest.Test1" name="verifyLogin" time="54.193"/>
</testsuite> <!-- com.LoginTest.Test1 -->
