<?xml version="1.0" encoding="UTF-8"?>
<!-- Generated by org.testng.reporters.JUnitReportReporter -->
<testsuite hostname="DESKTOP-QVM6J4J" failures="0" tests="1" name="com.LoginTest.Test1" time="6.406" errors="0" timestamp="2023-08-24T09:15:15 IST" skipped="0">
  <testcase classname="com.LoginTest.Test1" name="verifyLogin" time="6.406"/>
  <system-out/>
</testsuite> <!-- com.LoginTest.Test1 -->
