<?xml version="1.0" encoding="UTF-8"?>
<!-- Generated by org.testng.reporters.JUnitReportReporter -->
<testsuite hostname="DESKTOP-QVM6J4J" failures="0" tests="1" name="com.LoginTest.Test1" time="5.805" errors="0" timestamp="2023-08-25T09:27:33 IST" skipped="0">
  <testcase classname="com.LoginTest.Test1" name="verifyLogin" time="5.805"/>
  <system-out/>
</testsuite> <!-- com.LoginTest.Test1 -->
