<?xml version="1.0" encoding="UTF-8"?>
<!-- Generated by org.testng.reporters.JUnitReportReporter -->
<testsuite hostname="DESKTOP-DFHCGIA" failures="0" tests="1" name="com.LoginTest.Test2" time="4.167" errors="0" timestamp="2023-08-27T00:06:27 IST" skipped="0">
  <testcase classname="com.LoginTest.Test2" name="verifyLoginTest_2" time="4.167"/>
</testsuite> <!-- com.LoginTest.Test2 -->
